Copyright 1986-2020 Xilinx, Inc. All Rights Reserved.
----------------------------------------------------------------------------------------------
| Tool Version : Vivado v.2020.2 (win64) Build 3064766 Wed Nov 18 09:12:45 MST 2020
| Date         : Wed Mar 27 16:24:39 2024
| Host         : CEAT-ENDV350-01 running 64-bit major release  (build 9200)
| Command      : report_timing -file synth_report_timing_0.rpt -rpx synth_report_timing_0.rpx
| Design       : top_demo
| Device       : 7z020-clg484
| Speed File   : -1  PRODUCTION 1.12 2019-11-22
----------------------------------------------------------------------------------------------

Timing Report

Slack:                    inf
  Source:                 sw[7]
                            (input port)
  Destination:            sseg_ca
                            (output port)
  Path Group:             (none)
  Path Type:              Max at Slow Process Corner
  Data Path Delay:        5.802ns  (logic 3.754ns (64.695%)  route 2.048ns (35.305%))
  Logic Levels:           4  (IBUF=1 LUT6=2 OBUF=1)

    Location             Delay type                Incr(ns)  Path(ns)    Netlist Resource(s)
  -------------------------------------------------------------------    -------------------
                                                      0.000     0.000 r  sw[7] (IN)
                         net (fo=0)                   0.000     0.000    sw[7]
                         IBUF (Prop_ibuf_I_O)         0.921     0.921 r  sw_IBUF[7]_inst/O
                         net (fo=7, unplaced)         0.800     1.721    driver/sw_IBUF[7]
                         LUT6 (Prop_lut6_I5_O)        0.124     1.845 r  driver/sseg_ca_OBUF_inst_i_2/O
                         net (fo=1, unplaced)         0.449     2.294    driver/sseg_ca_OBUF_inst_i_2_n_0
                         LUT6 (Prop_lut6_I5_O)        0.124     2.418 r  driver/sseg_ca_OBUF_inst_i_1/O
                         net (fo=1, unplaced)         0.800     3.218    sseg_ca_OBUF
                         OBUF (Prop_obuf_I_O)         2.584     5.802 r  sseg_ca_OBUF_inst/O
                         net (fo=0)                   0.000     5.802    sseg_ca
                                                                      r  sseg_ca (OUT)
  -------------------------------------------------------------------    -------------------




